This is XeTeX, Version 3.14159265-2.6-0.99996 (MiKTeX 2.9) (preloaded format=xelatex 2016.9.22)  7 FEB 2018 05:45
entering extended mode
**./template.tex
(template.tex
LaTeX2e <2016/03/31> patch level 1
Babel <3.9r> and hyphenation patterns for 75 language(s) loaded.
(twentysecondcv.cls
Document Class: twentysecondcv 2015/02/28 CV class
("C:\Program Files (x86)\MiKTeX 2.9\tex\latex\base\article.cls"
Document Class: article 2014/09/29 v1.4h Standard LaTeX document class
("C:\Program Files (x86)\MiKTeX 2.9\tex\latex\base\size10.clo"
File: size10.clo 2014/09/29 v1.4h Standard LaTeX file (size option)
)
\c@part=\count79
\c@section=\count80
\c@subsection=\count81
\c@subsubsection=\count82
\c@paragraph=\count83
\c@subparagraph=\count84
\c@figure=\count85
\c@table=\count86
\abovecaptionskip=\skip41
\belowcaptionskip=\skip42
\bibindent=\dimen102
)
("C:\Program Files (x86)\MiKTeX 2.9\tex\latex\fontspec\fontspec.sty"
("C:\Program Files (x86)\MiKTeX 2.9\tex\latex\l3kernel\expl3.sty"
Package: expl3 2016/05/18 v6512 L3 programming layer (loader) 

("C:\Program Files (x86)\MiKTeX 2.9\tex\latex\l3kernel\expl3-code.tex"
Package: expl3 2016/05/18 v6512 L3 programming layer (code)
L3 Module: l3bootstrap 2016/02/12 v6412 L3 Bootstrap code
L3 Module: l3names 2016/03/11 v6433 L3 Namespace for primitives
L3 Module: l3basics 2015/11/22 v6315 L3 Basic definitions
L3 Module: l3expan 2015/09/10 v5983 L3 Argument expansion
L3 Module: l3tl 2016/03/26 v6465 L3 Token lists
L3 Module: l3str 2016/03/24 v6441 L3 Strings
L3 Module: l3seq 2015/08/05 v5777 L3 Sequences and stacks
L3 Module: l3int 2016/03/24 v6441 L3 Integers
\c_max_int=\count87
\l_tmpa_int=\count88
\l_tmpb_int=\count89
\g_tmpa_int=\count90
\g_tmpb_int=\count91
L3 Module: l3quark 2015/08/17 v5855 L3 Quarks
L3 Module: l3prg 2015/11/01 v6216 L3 Control structures
\g__prg_map_int=\count92
L3 Module: l3clist 2015/09/02 v5901 L3 Comma separated lists
L3 Module: l3token 2016/04/03 v6470 L3 Experimental token manipulation
L3 Module: l3prop 2016/01/05 v6366 L3 Property lists
L3 Module: l3msg 2016/03/26 v6464 L3 Messages
L3 Module: l3file 2016/03/25 v6458 L3 File and I/O operations
\l_iow_line_count_int=\count93
\l__iow_target_count_int=\count94
\l__iow_current_line_int=\count95
\l__iow_current_word_int=\count96
\l__iow_current_indentation_int=\count97
L3 Module: l3skip 2016/01/05 v6366 L3 Dimensions and skips
\c_zero_dim=\dimen103
\c_max_dim=\dimen104
\l_tmpa_dim=\dimen105
\l_tmpb_dim=\dimen106
\g_tmpa_dim=\dimen107
\g_tmpb_dim=\dimen108
\c_zero_skip=\skip43
\c_max_skip=\skip44
\l_tmpa_skip=\skip45
\l_tmpb_skip=\skip46
\g_tmpa_skip=\skip47
\g_tmpb_skip=\skip48
\c_zero_muskip=\muskip10
\c_max_muskip=\muskip11
\l_tmpa_muskip=\muskip12
\l_tmpb_muskip=\muskip13
\g_tmpa_muskip=\muskip14
\g_tmpb_muskip=\muskip15
L3 Module: l3keys 2015/11/17 v6284 L3 Key-value interfaces
\g__keyval_level_int=\count98
\l_keys_choice_int=\count99
L3 Module: l3fp 2016/03/26 v6465 L3 Floating points
\c__fp_leading_shift_int=\count100
\c__fp_middle_shift_int=\count101
\c__fp_trailing_shift_int=\count102
\c__fp_big_leading_shift_int=\count103
\c__fp_big_middle_shift_int=\count104
\c__fp_big_trailing_shift_int=\count105
\c__fp_Bigg_leading_shift_int=\count106
\c__fp_Bigg_middle_shift_int=\count107
\c__fp_Bigg_trailing_shift_int=\count108
L3 Module: l3box 2015/08/09 v5822 L3 Experimental boxes
\c_empty_box=\box26
\l_tmpa_box=\box27
\l_tmpb_box=\box28
\g_tmpa_box=\box29
\g_tmpb_box=\box30
L3 Module: l3coffins 2016/05/17 v6508 L3 Coffin code layer
\l__coffin_internal_box=\box31
\l__coffin_internal_dim=\dimen109
\l__coffin_offset_x_dim=\dimen110
\l__coffin_offset_y_dim=\dimen111
\l__coffin_x_dim=\dimen112
\l__coffin_y_dim=\dimen113
\l__coffin_x_prime_dim=\dimen114
\l__coffin_y_prime_dim=\dimen115
\c_empty_coffin=\box32
\l__coffin_aligned_coffin=\box33
\l__coffin_aligned_internal_coffin=\box34
\l_tmpa_coffin=\box35
\l_tmpb_coffin=\box36
\l__coffin_display_coffin=\box37
\l__coffin_display_coord_coffin=\box38
\l__coffin_display_pole_coffin=\box39
\l__coffin_display_offset_dim=\dimen116
\l__coffin_display_x_dim=\dimen117
\l__coffin_display_y_dim=\dimen118
L3 Module: l3color 2014/08/23 v5354 L3 Experimental color support
L3 Module: l3sys 2015/09/25 v6087 L3 Experimental system/runtime functions
L3 Module: l3candidates 2016/05/13 v6484 L3 Experimental additions to l3kernel
\l__box_top_dim=\dimen119
\l__box_bottom_dim=\dimen120
\l__box_left_dim=\dimen121
\l__box_right_dim=\dimen122
\l__box_top_new_dim=\dimen123
\l__box_bottom_new_dim=\dimen124
\l__box_left_new_dim=\dimen125
\l__box_right_new_dim=\dimen126
\l__box_internal_box=\box40
\l__coffin_bounding_shift_dim=\dimen127
\l__coffin_left_corner_dim=\dimen128
\l__coffin_right_corner_dim=\dimen129
\l__coffin_bottom_corner_dim=\dimen130
\l__coffin_top_corner_dim=\dimen131
\l__coffin_scaled_total_height_dim=\dimen132
\l__coffin_scaled_width_dim=\dimen133
L3 Module: l3luatex 2016/03/26 v6465 L3 Experimental LuaTeX-specific functions
)
("C:\Program Files (x86)\MiKTeX 2.9\tex\latex\l3kernel\l3xdvipdfmx.def"
File: l3xdvidpfmx.def 2016/03/26 v6465 L3 Experimental driver: xdvipdfmx
\l__driver_tmp_box=\box41
))
("C:\Program Files (x86)\MiKTeX 2.9\tex\latex\l3packages\xparse\xparse.sty"
Package: xparse 2016/05/18 v6512 L3 Experimental document command parser
\l__xparse_current_arg_int=\count109
\l__xparse_m_args_int=\count110
\l__xparse_mandatory_args_int=\count111
\l__xparse_processor_int=\count112
\l__xparse_v_nesting_int=\count113
)
Package: fontspec 2016/02/01 v2.5a Font selection for XeLaTeX and LuaLaTeX

("C:\Program Files (x86)\MiKTeX 2.9\tex\latex\fontspec\fontspec-xetex.sty"
Package: fontspec-xetex 2016/02/01 v2.5a Font selection for XeLaTeX and LuaLaTe
X
\l_fontspec_script_int=\count114
\l_fontspec_language_int=\count115
\l_fontspec_strnum_int=\count116
\l__fontspec_tmpa_dim=\dimen134
\l__fontspec_tmpb_dim=\dimen135
\l__fontspec_tmpc_dim=\dimen136
\g__file_internal_ior=\read1

("C:\Program Files (x86)\MiKTeX 2.9\tex\latex\base\fontenc.sty"
Package: fontenc 2005/09/27 v1.99g Standard LaTeX package

("C:\Program Files (x86)\MiKTeX 2.9\tex\latex\euenc\eu1enc.def"
File: eu1enc.def 2010/05/27 v0.1h Experimental Unicode font encodings
)
LaTeX Font Info:    Try loading font information for EU1+lmr on input line 105.


("C:\Program Files (x86)\MiKTeX 2.9\tex\latex\euenc\eu1lmr.fd"
File: eu1lmr.fd 2009/10/30 v1.6 Font defs for Latin Modern
))
("C:\Program Files (x86)\MiKTeX 2.9\tex\xelatex\xunicode\xunicode.sty"
File: xunicode.sty 2011/09/09 v0.981 provides access to latin accents and many 
other characters in Unicode lower plane

("C:\Users\VIET NGUYEN\AppData\Roaming\MiKTeX\2.9\tex\latex\tipa\t3enc.def"
File: t3enc.def 2001/12/31 T3 encoding
LaTeX Font Info:    Try loading font information for EU1+lmss on input line 357
.

("C:\Program Files (x86)\MiKTeX 2.9\tex\latex\euenc\eu1lmss.fd"
File: eu1lmss.fd 2009/10/30 v1.6 Font defs for Latin Modern
))
\tipaTiiicode=\count117
\tipasavetokens=\toks14
\tipachecktokens=\toks15

("C:\Program Files (x86)\MiKTeX 2.9\tex\latex\graphics\graphicx.sty"
Package: graphicx 2014/10/28 v1.0g Enhanced LaTeX Graphics (DPC,SPQR)

("C:\Program Files (x86)\MiKTeX 2.9\tex\latex\graphics\keyval.sty"
Package: keyval 2014/10/28 v1.15 key=value parser (DPC)
\KV@toks@=\toks16
)
("C:\Program Files (x86)\MiKTeX 2.9\tex\latex\graphics\graphics.sty"
Package: graphics 2016/06/02 v1.0s Standard LaTeX Graphics (DPC,SPQR)

("C:\Program Files (x86)\MiKTeX 2.9\tex\latex\graphics\trig.sty"
Package: trig 2016/01/03 v1.10 sin cos tan (DPC)
)
("C:\Program Files (x86)\MiKTeX 2.9\tex\latex\00miktex\graphics.cfg"
File: graphics.cfg 2016/06/04 v1.11 sample graphics configuration
)
Package graphics Info: Driver file: xetex.def on input line 99.

("C:\Program Files (x86)\MiKTeX 2.9\tex\latex\graphics-def\xetex.def"
File: xetex.def 2016/07/11 v4.10 LaTeX color/graphics driver for XeTeX (L3/RRM/
JK)
))
\Gin@req@height=\dimen137
\Gin@req@width=\dimen138
))
.................................................
. LaTeX info: "xparse/define-command"
. 
. Defining command \__fontspec_post_arg:w with sig. 'mmO{}' on line 353.
.................................................
.................................................
. LaTeX info: "xparse/define-command"
. 
. Defining command \fontspec with sig. 'om' on line 355.
.................................................
.................................................
. LaTeX info: "xparse/define-command"
. 
. Defining command \setmainfont with sig. 'om' on line 365.
.................................................
.................................................
. LaTeX info: "xparse/define-command"
. 
. Defining command \setsansfont with sig. 'om' on line 375.
.................................................
.................................................
. LaTeX info: "xparse/define-command"
. 
. Defining command \setmonofont with sig. 'om' on line 385.
.................................................
.................................................
. LaTeX info: "xparse/define-command"
. 
. Defining command \setmathrm with sig. 'om' on line 399.
.................................................
.................................................
. LaTeX info: "xparse/define-command"
. 
. Defining command \setboldmathrm with sig. 'om' on line 407.
.................................................
.................................................
. LaTeX info: "xparse/define-command"
. 
. Defining command \setmathsf with sig. 'om' on line 415.
.................................................
.................................................
. LaTeX info: "xparse/define-command"
. 
. Defining command \setmathtt with sig. 'om' on line 423.
.................................................
.................................................
. LaTeX info: "xparse/define-command"
. 
. Defining command \newfontfamily with sig. 'mom' on line 437.
.................................................
.................................................
. LaTeX info: "xparse/define-command"
. 
. Defining command \newfontface with sig. 'mom' on line 453.
.................................................
.................................................
. LaTeX info: "xparse/define-command"
. 
. Defining command \defaultfontfeatures with sig. 't+om' on line 467.
.................................................
.................................................
. LaTeX info: "xparse/define-command"
. 
. Defining command \addfontfeatures with sig. 'm' on line 529.
.................................................
.................................................
. LaTeX info: "xparse/define-command"
. 
. Defining command \newfontfeature with sig. 'mm' on line 540.
.................................................
.................................................
. LaTeX info: "xparse/define-command"
. 
. Defining command \newAATfeature with sig. 'mmmm' on line 548.
.................................................
.................................................
. LaTeX info: "xparse/define-command"
. 
. Defining command \newopentypefeature with sig. 'mmm' on line 556.
.................................................
.................................................
. LaTeX info: "xparse/define-command"
. 
. Defining command \aliasfontfeature with sig. 'mm' on line 577.
.................................................
.................................................
. LaTeX info: "xparse/define-command"
. 
. Defining command \aliasfontfeatureoption with sig. 'mmm' on line 586.
.................................................
.................................................
. LaTeX info: "xparse/define-command"
. 
. Defining command \newfontscript with sig. 'mm' on line 590.
.................................................
.................................................
. LaTeX info: "xparse/define-command"
. 
. Defining command \newfontlanguage with sig. 'mm' on line 594.
.................................................
.................................................
. LaTeX info: "xparse/define-command"
. 
. Defining command \DeclareFontsExtensions with sig. 'm' on line 599.
.................................................
\l__fontspec_tmp_int=\count118

("C:\Program Files (x86)\MiKTeX 2.9\tex\latex\fontspec\fontspec.cfg")
LaTeX Info: Redefining \itshape on input line 2705.
LaTeX Info: Redefining \slshape on input line 2710.
LaTeX Info: Redefining \scshape on input line 2715.
LaTeX Info: Redefining \upshape on input line 2720.
\l__fontspec_em_int=\count119
\l__fontspec_emdef_int=\count120
LaTeX Info: Redefining \em on input line 2736.
LaTeX Info: Redefining \emph on input line 2742.
LaTeX Info: Redefining \- on input line 2746.
.................................................
. LaTeX info: "xparse/redefine-command"
. 
. Redefining command \oldstylenums with sig. 'm' on line 2841.
.................................................
.................................................
. LaTeX info: "xparse/define-command"
. 
. Defining command \liningnums with sig. 'm' on line 2845.
.................................................
))
("C:\Users\VIET NGUYEN\AppData\Roaming\MiKTeX\2.9\tex\latex\clearsans\ClearSans
.sty"
Package: ClearSans 2014/03/16 (Bob Tennent) Supports Clear-Sans fonts for all L
aTeX engines.
 ("C:\Program Files (x86)\MiKTeX 2.9\tex\generic\ifxetex\ifxetex.sty"
Package: ifxetex 2010/09/12 v0.6 Provides ifxetex conditional
)
("C:\Program Files (x86)\MiKTeX 2.9\tex\generic\oberdiek\ifluatex.sty"
Package: ifluatex 2016/05/16 v1.4 Provides the ifluatex switch (HO)
Package ifluatex Info: LuaTeX not detected.
)
("C:\Program Files (x86)\MiKTeX 2.9\tex\latex\xkeyval\xkeyval.sty"
Package: xkeyval 2014/12/03 v2.7a package option processing (HA)

("C:\Program Files (x86)\MiKTeX 2.9\tex\generic\xkeyval\xkeyval.tex"
("C:\Program Files (x86)\MiKTeX 2.9\tex\generic\xkeyval\xkvutils.tex"
\XKV@toks=\toks17
\XKV@tempa@toks=\toks18
)
\XKV@depth=\count121
File: xkeyval.tex 2014/12/03 v2.7a key=value parser (HA)
))
("C:\Program Files (x86)\MiKTeX 2.9\tex\latex\base\textcomp.sty"
Package: textcomp 2005/09/27 v1.99g Standard LaTeX package
Package textcomp Info: Sub-encoding information:
(textcomp)               5 = only ISO-Adobe without \textcurrency
(textcomp)               4 = 5 + \texteuro
(textcomp)               3 = 4 + \textohm
(textcomp)               2 = 3 + \textestimated + \textcurrency
(textcomp)               1 = TS1 - \textcircled - \t
(textcomp)               0 = TS1 (full)
(textcomp)             Font families with sub-encoding setting implement
(textcomp)             only a restricted character set as indicated.
(textcomp)             Family '?' is the default used for unknown fonts.
(textcomp)             See the documentation for details.
Package textcomp Info: Setting ? sub-encoding to TS1/1 on input line 79.

("C:\Program Files (x86)\MiKTeX 2.9\tex\latex\base\ts1enc.def"
File: ts1enc.def 2001/06/05 v3.0e (jk/car/fm) Standard LaTeX file
)
LaTeX Info: Redefining \oldstylenums on input line 334.
Package textcomp Info: Setting cmr sub-encoding to TS1/0 on input line 349.
Package textcomp Info: Setting cmss sub-encoding to TS1/0 on input line 350.
Package textcomp Info: Setting cmtt sub-encoding to TS1/0 on input line 351.
Package textcomp Info: Setting cmvtt sub-encoding to TS1/0 on input line 352.
Package textcomp Info: Setting cmbr sub-encoding to TS1/0 on input line 353.
Package textcomp Info: Setting cmtl sub-encoding to TS1/0 on input line 354.
Package textcomp Info: Setting ccr sub-encoding to TS1/0 on input line 355.
Package textcomp Info: Setting ptm sub-encoding to TS1/4 on input line 356.
Package textcomp Info: Setting pcr sub-encoding to TS1/4 on input line 357.
Package textcomp Info: Setting phv sub-encoding to TS1/4 on input line 358.
Package textcomp Info: Setting ppl sub-encoding to TS1/3 on input line 359.
Package textcomp Info: Setting pag sub-encoding to TS1/4 on input line 360.
Package textcomp Info: Setting pbk sub-encoding to TS1/4 on input line 361.
Package textcomp Info: Setting pnc sub-encoding to TS1/4 on input line 362.
Package textcomp Info: Setting pzc sub-encoding to TS1/4 on input line 363.
Package textcomp Info: Setting bch sub-encoding to TS1/4 on input line 364.
Package textcomp Info: Setting put sub-encoding to TS1/5 on input line 365.
Package textcomp Info: Setting uag sub-encoding to TS1/5 on input line 366.
Package textcomp Info: Setting ugq sub-encoding to TS1/5 on input line 367.
Package textcomp Info: Setting ul8 sub-encoding to TS1/4 on input line 368.
Package textcomp Info: Setting ul9 sub-encoding to TS1/4 on input line 369.
Package textcomp Info: Setting augie sub-encoding to TS1/5 on input line 370.
Package textcomp Info: Setting dayrom sub-encoding to TS1/3 on input line 371.
Package textcomp Info: Setting dayroms sub-encoding to TS1/3 on input line 372.

Package textcomp Info: Setting pxr sub-encoding to TS1/0 on input line 373.
Package textcomp Info: Setting pxss sub-encoding to TS1/0 on input line 374.
Package textcomp Info: Setting pxtt sub-encoding to TS1/0 on input line 375.
Package textcomp Info: Setting txr sub-encoding to TS1/0 on input line 376.
Package textcomp Info: Setting txss sub-encoding to TS1/0 on input line 377.
Package textcomp Info: Setting txtt sub-encoding to TS1/0 on input line 378.
Package textcomp Info: Setting lmr sub-encoding to TS1/0 on input line 379.
Package textcomp Info: Setting lmdh sub-encoding to TS1/0 on input line 380.
Package textcomp Info: Setting lmss sub-encoding to TS1/0 on input line 381.
Package textcomp Info: Setting lmssq sub-encoding to TS1/0 on input line 382.
Package textcomp Info: Setting lmvtt sub-encoding to TS1/0 on input line 383.
Package textcomp Info: Setting lmtt sub-encoding to TS1/0 on input line 384.
Package textcomp Info: Setting qhv sub-encoding to TS1/0 on input line 385.
Package textcomp Info: Setting qag sub-encoding to TS1/0 on input line 386.
Package textcomp Info: Setting qbk sub-encoding to TS1/0 on input line 387.
Package textcomp Info: Setting qcr sub-encoding to TS1/0 on input line 388.
Package textcomp Info: Setting qcs sub-encoding to TS1/0 on input line 389.
Package textcomp Info: Setting qpl sub-encoding to TS1/0 on input line 390.
Package textcomp Info: Setting qtm sub-encoding to TS1/0 on input line 391.
Package textcomp Info: Setting qzc sub-encoding to TS1/0 on input line 392.
Package textcomp Info: Setting qhvc sub-encoding to TS1/0 on input line 393.
Package textcomp Info: Setting futs sub-encoding to TS1/4 on input line 394.
Package textcomp Info: Setting futx sub-encoding to TS1/4 on input line 395.
Package textcomp Info: Setting futj sub-encoding to TS1/4 on input line 396.
Package textcomp Info: Setting hlh sub-encoding to TS1/3 on input line 397.
Package textcomp Info: Setting hls sub-encoding to TS1/3 on input line 398.
Package textcomp Info: Setting hlst sub-encoding to TS1/3 on input line 399.
Package textcomp Info: Setting hlct sub-encoding to TS1/5 on input line 400.
Package textcomp Info: Setting hlx sub-encoding to TS1/5 on input line 401.
Package textcomp Info: Setting hlce sub-encoding to TS1/5 on input line 402.
Package textcomp Info: Setting hlcn sub-encoding to TS1/5 on input line 403.
Package textcomp Info: Setting hlcw sub-encoding to TS1/5 on input line 404.
Package textcomp Info: Setting hlcf sub-encoding to TS1/5 on input line 405.
Package textcomp Info: Setting pplx sub-encoding to TS1/3 on input line 406.
Package textcomp Info: Setting pplj sub-encoding to TS1/3 on input line 407.
Package textcomp Info: Setting ptmx sub-encoding to TS1/4 on input line 408.
Package textcomp Info: Setting ptmj sub-encoding to TS1/4 on input line 409.
)
Requested font "[ClearSans-Regular.ttf]/OT" at 10.0pt
 -> C:/Users/VIET NGUYEN/AppData/Roaming/MiKTeX/2.9/fonts/truetype/intel/clears
ans/ClearSans-Regular.ttf
\g__fontspec_family_ClearSans_int=\count122
Requested font "[ClearSans-Bold.ttf]/OT" at 10.0pt
 -> C:/Users/VIET NGUYEN/AppData/Roaming/MiKTeX/2.9/fonts/truetype/intel/clears
ans/ClearSans-Bold.ttf
Requested font "[ClearSans-Italic.ttf]/OT" at 10.0pt
 -> C:/Users/VIET NGUYEN/AppData/Roaming/MiKTeX/2.9/fonts/truetype/intel/clears
ans/ClearSans-Italic.ttf
Requested font "[ClearSans-BoldItalic.ttf]/OT" at 10.0pt
 -> C:/Users/VIET NGUYEN/AppData/Roaming/MiKTeX/2.9/fonts/truetype/intel/clears
ans/ClearSans-BoldItalic.ttf
Requested font "[ClearSans-Light.ttf]/OT" at 10.0pt
 -> C:/Users/VIET NGUYEN/AppData/Roaming/MiKTeX/2.9/fonts/truetype/intel/clears
ans/ClearSans-Light.ttf
Requested font "[ClearSans-Thin.ttf]/OT" at 10.0pt
 -> C:/Users/VIET NGUYEN/AppData/Roaming/MiKTeX/2.9/fonts/truetype/intel/clears
ans/ClearSans-Thin.ttf
)
("C:\Program Files (x86)\MiKTeX 2.9\tex\latex\pstricks\pstricks.sty"
Package: pstricks 2015/11/14 v0.62 LaTeX wrapper for `PSTricks' (RN,HV)

("C:\Program Files (x86)\MiKTeX 2.9\tex\latex\xcolor\xcolor.sty"
Package: xcolor 2016/05/11 v2.12 LaTeX color extensions (UK)

("C:\Program Files (x86)\MiKTeX 2.9\tex\latex\00miktex\color.cfg"
File: color.cfg 2016/01/02 v1.6 sample color configuration
)
Package xcolor Info: Driver file: xetex.def on input line 225.
Package xcolor Info: Model `cmy' substituted by `cmy0' on input line 1348.
Package xcolor Info: Model `RGB' extended on input line 1364.
Package xcolor Info: Model `HTML' substituted by `rgb' on input line 1366.
Package xcolor Info: Model `Hsb' substituted by `hsb' on input line 1367.
Package xcolor Info: Model `tHsb' substituted by `hsb' on input line 1368.
Package xcolor Info: Model `HSB' substituted by `hsb' on input line 1369.
Package xcolor Info: Model `Gray' substituted by `gray' on input line 1370.
Package xcolor Info: Model `wave' substituted by `hsb' on input line 1371.
)
("C:\Program Files (x86)\MiKTeX 2.9\tex\generic\pstricks\base\pstricks.tex"
("C:\Program Files (x86)\MiKTeX 2.9\tex\generic\xkeyval\pst-xkey.tex"
File: pst-xkey.tex 2005/11/25 v1.6 PSTricks specialization of xkeyval (HA)
)
("C:\Program Files (x86)\MiKTeX 2.9\tex\generic\pstricks\base\pst-fp.tex"
`pst-fp' v0.05, 2010/01/17 (hv)
\pstFP@xs=\count123
\pstFP@xia=\count124
\pstFP@xib=\count125
\pstFP@xfa=\count126
\pstFP@xfb=\count127
\pstFP@rega=\count128
\pstFP@regb=\count129
\pstFP@regs=\count130
\pstFP@times=\count131
)
("C:\Program Files (x86)\MiKTeX 2.9\tex\generic\pgf\utilities\pgfutil-common.te
x"
\pgfutil@everybye=\toks19
\pgfutil@tempdima=\dimen139
\pgfutil@tempdimb=\dimen140

("C:\Program Files (x86)\MiKTeX 2.9\tex\generic\pgf\utilities\pgfutil-common-li
sts.tex"))
("C:\Program Files (x86)\MiKTeX 2.9\tex\generic\pgf\utilities\pgfkeys.code.tex"
\pgfkeys@pathtoks=\toks20
\pgfkeys@temptoks=\toks21

("C:\Program Files (x86)\MiKTeX 2.9\tex\generic\pgf\utilities\pgfkeysfiltered.c
ode.tex"
\pgfkeys@tmptoks=\toks22
))
("C:\Program Files (x86)\MiKTeX 2.9\tex\generic\pgf\utilities\pgffor.code.tex"
("C:\Program Files (x86)\MiKTeX 2.9\tex\generic\pgf\math\pgfmath.code.tex"
("C:\Program Files (x86)\MiKTeX 2.9\tex\generic\pgf\math\pgfmathcalc.code.tex"
("C:\Program Files (x86)\MiKTeX 2.9\tex\generic\pgf\math\pgfmathutil.code.tex"
\pgf@x=\dimen141
\pgf@xa=\dimen142
\pgf@xb=\dimen143
\pgf@xc=\dimen144
\pgf@y=\dimen145
\pgf@ya=\dimen146
\pgf@yb=\dimen147
\pgf@yc=\dimen148
\c@pgf@counta=\count132
\c@pgf@countb=\count133
\c@pgf@countc=\count134
\c@pgf@countd=\count135
\pgfutil@tempcnta=\count136
\pgfutil@tempcntb=\count137
) ("C:\Program Files (x86)\MiKTeX 2.9\tex\generic\pgf\math\pgfmathparser.code.t
ex"
\pgfmath@dimen=\dimen149
\pgfmath@count=\count138
\pgfmath@box=\box42
\pgfmath@toks=\toks23
\pgfmath@stack@operand=\toks24
\pgfmath@stack@operation=\toks25
)
("C:\Program Files (x86)\MiKTeX 2.9\tex\generic\pgf\math\pgfmathfunctions.code.
tex"
("C:\Program Files (x86)\MiKTeX 2.9\tex\generic\pgf\math\pgfmathfunctions.basic
.code.tex")
("C:\Program Files (x86)\MiKTeX 2.9\tex\generic\pgf\math\pgfmathfunctions.trigo
nometric.code.tex")
("C:\Program Files (x86)\MiKTeX 2.9\tex\generic\pgf\math\pgfmathfunctions.rando
m.code.tex")
("C:\Program Files (x86)\MiKTeX 2.9\tex\generic\pgf\math\pgfmathfunctions.compa
rison.code.tex")
("C:\Program Files (x86)\MiKTeX 2.9\tex\generic\pgf\math\pgfmathfunctions.base.
code.tex")
("C:\Program Files (x86)\MiKTeX 2.9\tex\generic\pgf\math\pgfmathfunctions.round
.code.tex")
("C:\Program Files (x86)\MiKTeX 2.9\tex\generic\pgf\math\pgfmathfunctions.misc.
code.tex")
("C:\Program Files (x86)\MiKTeX 2.9\tex\generic\pgf\math\pgfmathfunctions.integ
erarithmetics.code.tex")))
("C:\Program Files (x86)\MiKTeX 2.9\tex\generic\pgf\math\pgfmathfloat.code.tex"
\c@pgfmathroundto@lastzeros=\count139
))
\pgffor@iter=\dimen150
\pgffor@skip=\dimen151
\pgffor@stack=\toks26
\pgffor@toks=\toks27
)
\psLoopIndex=\count140

`PSTricks' v2.68  <2016/06/09> (tvz)
\pst@dima=\dimen152
\pst@dimb=\dimen153
\pst@dimc=\dimen154
\pst@dimd=\dimen155
\pst@dimg=\dimen156
\pst@dimh=\dimen157
\pst@dimm=\dimen158
\pst@dimn=\dimen159
\pst@dimo=\dimen160
\pst@dimp=\dimen161
\pst@hbox=\box43
\pst@ibox=\box44
\pst@boxg=\box45
\pst@cnta=\count141
\pst@cntb=\count142
\pst@cntc=\count143
\pst@cntd=\count144
\pst@cntg=\count145
\pst@cnth=\count146
\pst@cntm=\count147
\pst@cntn=\count148
\pst@cnto=\count149
\pst@cntp=\count150
\@zero=\count151
\pst@toks=\toks28

("C:\Users\VIET NGUYEN\AppData\Roaming\MiKTeX\2.9\tex\xelatex\xetex-pstricks\ps
tricks.con"
("C:\Program Files (x86)\MiKTeX 2.9\tex\generic\pstricks\config\xdvipdfmx.cfg")
)
\psunit=\dimen162
\psxunit=\dimen163
\psyunit=\dimen164
\pst@C@@rType=\count152
\pslinewidth=\dimen165
\psk@startLW=\dimen166
\psk@endLW=\dimen167
\pst@customdefs=\toks29
\pslinearc=\dimen168
\pst@symbolStep=\dimen169
\pst@symbolWidth=\dimen170
\pst@symbolLinewidth=\dimen171
\everypsbox=\toks30
\psframesep=\dimen172
\pslabelsep=\dimen173
\sh@wgridXunit=\dimen174
\sh@wgridYunit=\dimen175
\pst@shift=\dimen176

("C:\Users\VIET NGUYEN\AppData\Roaming\MiKTeX\2.9\tex\xelatex\xetex-pstricks\ps
tricks.con"
("C:\Program Files (x86)\MiKTeX 2.9\tex\generic\pstricks\config\xdvipdfmx.cfg"
Using PSTricks configuration for XeTeX+xdvipdfmx
)))
File: pstricks.tex 2016/06/09 v2.68 `PSTricks' (tvz,hv)
 ("C:\Program Files (x86)\MiKTeX 2.9\tex\generic\pstricks\base\pst-fp.tex")
File: pst-fp.tex 2016/06/09 v2.68 `PST-fp' (hv)
)
("C:\Users\VIET NGUYEN\AppData\Roaming\MiKTeX\2.9\tex\latex\fontawesome\fontawe
some.sty"
Package: fontawesome 2016/05/15 v4.6.3.1 font awesome icons

("C:\Users\VIET NGUYEN\AppData\Roaming\MiKTeX\2.9\tex\latex\fontawesome\fontawe
somesymbols-generic.tex")
Requested font "FontAwesome" at 10.0pt
 -> C:/Users/VIET NGUYEN/AppData/Roaming/MiKTeX/2.9/fonts/opentype/public/fonta
wesome/FontAwesome.otf
Requested font "FontAwesome/OT" at 10.0pt
 -> C:/Users/VIET NGUYEN/AppData/Roaming/MiKTeX/2.9/fonts/opentype/public/fonta
wesome/FontAwesome.otf
\g__fontspec_family_FontAwesome_int=\count153
Requested font "FontAwesome/BI/OT" at 10.0pt
 -> C:/Users/VIET NGUYEN/AppData/Roaming/MiKTeX/2.9/fonts/opentype/public/fonta
wesome/FontAwesome.otf
Requested font "FontAwesome/B/OT" at 10.0pt
 -> C:/Users/VIET NGUYEN/AppData/Roaming/MiKTeX/2.9/fonts/opentype/public/fonta
wesome/FontAwesome.otf
Requested font "FontAwesome/I/OT" at 10.0pt
 -> C:/Users/VIET NGUYEN/AppData/Roaming/MiKTeX/2.9/fonts/opentype/public/fonta
wesome/FontAwesome.otf

("C:\Users\VIET NGUYEN\AppData\Roaming\MiKTeX\2.9\tex\latex\fontawesome\fontawe
somesymbols-xeluatex.tex"))
("C:\Program Files (x86)\MiKTeX 2.9\tex\latex\pgf\frontendlayer\tikz.sty"
("C:\Program Files (x86)\MiKTeX 2.9\tex\latex\pgf\basiclayer\pgf.sty"
("C:\Program Files (x86)\MiKTeX 2.9\tex\latex\pgf\utilities\pgfrcs.sty"
("C:\Program Files (x86)\MiKTeX 2.9\tex\generic\pgf\utilities\pgfutil-common.te
x"
\pgfutil@everybye=\toks31
\pgfutil@tempdima=\dimen177
\pgfutil@tempdimb=\dimen178

("C:\Program Files (x86)\MiKTeX 2.9\tex\generic\pgf\utilities\pgfutil-common-li
sts.tex"))
("C:\Program Files (x86)\MiKTeX 2.9\tex\generic\pgf\utilities\pgfutil-latex.def
"
\pgfutil@abb=\box46
 ("C:\Program Files (x86)\MiKTeX 2.9\tex\latex\ms\everyshi.sty"
Package: everyshi 2001/05/15 v3.00 EveryShipout Package (MS)
))
("C:\Program Files (x86)\MiKTeX 2.9\tex\generic\pgf\utilities\pgfrcs.code.tex"
Package: pgfrcs 2015/08/07 v3.0.1a (rcs-revision 1.31)
))
Package: pgf 2015/08/07 v3.0.1a (rcs-revision 1.15)
 ("C:\Program Files (x86)\MiKTeX 2.9\tex\latex\pgf\basiclayer\pgfcore.sty"
("C:\Program Files (x86)\MiKTeX 2.9\tex\latex\pgf\systemlayer\pgfsys.sty"
("C:\Program Files (x86)\MiKTeX 2.9\tex\generic\pgf\systemlayer\pgfsys.code.tex
"
Package: pgfsys 2014/07/09 v3.0.1a (rcs-revision 1.48)
 ("C:\Program Files (x86)\MiKTeX 2.9\tex\generic\pgf\utilities\pgfkeys.code.tex
")
\pgf@x=\dimen179
\pgf@y=\dimen180
\pgf@xa=\dimen181
\pgf@ya=\dimen182
\pgf@xb=\dimen183
\pgf@yb=\dimen184
\pgf@xc=\dimen185
\pgf@yc=\dimen186
\w@pgf@writea=\write3
\r@pgf@reada=\read2
\c@pgf@counta=\count154
\c@pgf@countb=\count155
\c@pgf@countc=\count156
\c@pgf@countd=\count157
\t@pgf@toka=\toks32
\t@pgf@tokb=\toks33
\t@pgf@tokc=\toks34
 ("C:\Program Files (x86)\MiKTeX 2.9\tex\generic\pgf\systemlayer\pgf.cfg"
File: pgf.cfg 2008/05/14  (rcs-revision 1.7)
)
Driver file for pgf: pgfsys-xetex.def

("C:\Program Files (x86)\MiKTeX 2.9\tex\generic\pgf\systemlayer\pgfsys-xetex.de
f"
File: pgfsys-xetex.def 2014/07/09  (rcs-revision 1.11)

("C:\Program Files (x86)\MiKTeX 2.9\tex\generic\pgf\systemlayer\pgfsys-dvipdfmx
.def"
File: pgfsys-dvipdfmx.def 2014/07/09  (rcs-revision 1.14)

("C:\Program Files (x86)\MiKTeX 2.9\tex\generic\pgf\systemlayer\pgfsys-common-p
df.def"
File: pgfsys-common-pdf.def 2013/10/10  (rcs-revision 1.13)
)
\pgfsys@objnum=\count158
)))
("C:\Program Files (x86)\MiKTeX 2.9\tex\generic\pgf\systemlayer\pgfsyssoftpath.
code.tex"
File: pgfsyssoftpath.code.tex 2013/09/09  (rcs-revision 1.9)
\pgfsyssoftpath@smallbuffer@items=\count159
\pgfsyssoftpath@bigbuffer@items=\count160
)
("C:\Program Files (x86)\MiKTeX 2.9\tex\generic\pgf\systemlayer\pgfsysprotocol.
code.tex"
File: pgfsysprotocol.code.tex 2006/10/16  (rcs-revision 1.4)
))
("C:\Program Files (x86)\MiKTeX 2.9\tex\generic\pgf\basiclayer\pgfcore.code.tex
"
Package: pgfcore 2010/04/11 v3.0.1a (rcs-revision 1.7)
 ("C:\Program Files (x86)\MiKTeX 2.9\tex\generic\pgf\math\pgfmath.code.tex")
("C:\Program Files (x86)\MiKTeX 2.9\tex\generic\pgf\basiclayer\pgfcorepoints.co
de.tex"
File: pgfcorepoints.code.tex 2013/10/07  (rcs-revision 1.27)
\pgf@picminx=\dimen187
\pgf@picmaxx=\dimen188
\pgf@picminy=\dimen189
\pgf@picmaxy=\dimen190
\pgf@pathminx=\dimen191
\pgf@pathmaxx=\dimen192
\pgf@pathminy=\dimen193
\pgf@pathmaxy=\dimen194
\pgf@xx=\dimen195
\pgf@xy=\dimen196
\pgf@yx=\dimen197
\pgf@yy=\dimen198
\pgf@zx=\dimen199
\pgf@zy=\dimen256
)
("C:\Program Files (x86)\MiKTeX 2.9\tex\generic\pgf\basiclayer\pgfcorepathconst
ruct.code.tex"
File: pgfcorepathconstruct.code.tex 2013/10/07  (rcs-revision 1.29)
\pgf@path@lastx=\dimen257
\pgf@path@lasty=\dimen258
)
("C:\Program Files (x86)\MiKTeX 2.9\tex\generic\pgf\basiclayer\pgfcorepathusage
.code.tex"
File: pgfcorepathusage.code.tex 2014/11/02  (rcs-revision 1.24)
\pgf@shorten@end@additional=\dimen259
\pgf@shorten@start@additional=\dimen260
)
("C:\Program Files (x86)\MiKTeX 2.9\tex\generic\pgf\basiclayer\pgfcorescopes.co
de.tex"
File: pgfcorescopes.code.tex 2015/05/08  (rcs-revision 1.46)
\pgfpic=\box47
\pgf@hbox=\box48
\pgf@layerbox@main=\box49
\pgf@picture@serial@count=\count161
)
("C:\Program Files (x86)\MiKTeX 2.9\tex\generic\pgf\basiclayer\pgfcoregraphicst
ate.code.tex"
File: pgfcoregraphicstate.code.tex 2014/11/02  (rcs-revision 1.12)
\pgflinewidth=\dimen261
)
("C:\Program Files (x86)\MiKTeX 2.9\tex\generic\pgf\basiclayer\pgfcoretransform
ations.code.tex"
File: pgfcoretransformations.code.tex 2015/08/07  (rcs-revision 1.20)
\pgf@pt@x=\dimen262
\pgf@pt@y=\dimen263
\pgf@pt@temp=\dimen264
)
("C:\Program Files (x86)\MiKTeX 2.9\tex\generic\pgf\basiclayer\pgfcorequick.cod
e.tex"
File: pgfcorequick.code.tex 2008/10/09  (rcs-revision 1.3)
)
("C:\Program Files (x86)\MiKTeX 2.9\tex\generic\pgf\basiclayer\pgfcoreobjects.c
ode.tex"
File: pgfcoreobjects.code.tex 2006/10/11  (rcs-revision 1.2)
)
("C:\Program Files (x86)\MiKTeX 2.9\tex\generic\pgf\basiclayer\pgfcorepathproce
ssing.code.tex"
File: pgfcorepathprocessing.code.tex 2013/09/09  (rcs-revision 1.9)
)
("C:\Program Files (x86)\MiKTeX 2.9\tex\generic\pgf\basiclayer\pgfcorearrows.co
de.tex"
File: pgfcorearrows.code.tex 2015/05/14  (rcs-revision 1.43)
\pgfarrowsep=\dimen265
)
("C:\Program Files (x86)\MiKTeX 2.9\tex\generic\pgf\basiclayer\pgfcoreshade.cod
e.tex"
File: pgfcoreshade.code.tex 2013/07/15  (rcs-revision 1.15)
\pgf@max=\dimen266
\pgf@sys@shading@range@num=\count162
)
("C:\Program Files (x86)\MiKTeX 2.9\tex\generic\pgf\basiclayer\pgfcoreimage.cod
e.tex"
File: pgfcoreimage.code.tex 2013/07/15  (rcs-revision 1.18)

("C:\Program Files (x86)\MiKTeX 2.9\tex\generic\pgf\basiclayer\pgfcoreexternal.
code.tex"
File: pgfcoreexternal.code.tex 2014/07/09  (rcs-revision 1.21)
\pgfexternal@startupbox=\box50
))
("C:\Program Files (x86)\MiKTeX 2.9\tex\generic\pgf\basiclayer\pgfcorelayers.co
de.tex"
File: pgfcorelayers.code.tex 2013/07/18  (rcs-revision 1.7)
)
("C:\Program Files (x86)\MiKTeX 2.9\tex\generic\pgf\basiclayer\pgfcoretranspare
ncy.code.tex"
File: pgfcoretransparency.code.tex 2013/09/30  (rcs-revision 1.5)
)
("C:\Program Files (x86)\MiKTeX 2.9\tex\generic\pgf\basiclayer\pgfcorepatterns.
code.tex"
File: pgfcorepatterns.code.tex 2013/11/07  (rcs-revision 1.5)
)))
("C:\Program Files (x86)\MiKTeX 2.9\tex\generic\pgf\modules\pgfmoduleshapes.cod
e.tex"
File: pgfmoduleshapes.code.tex 2014/03/21  (rcs-revision 1.35)
\pgfnodeparttextbox=\box51
)
("C:\Program Files (x86)\MiKTeX 2.9\tex\generic\pgf\modules\pgfmoduleplot.code.
tex"
File: pgfmoduleplot.code.tex 2015/08/03  (rcs-revision 1.13)
)
("C:\Program Files (x86)\MiKTeX 2.9\tex\latex\pgf\compatibility\pgfcomp-version
-0-65.sty"
Package: pgfcomp-version-0-65 2007/07/03 v3.0.1a (rcs-revision 1.7)
\pgf@nodesepstart=\dimen267
\pgf@nodesepend=\dimen268
)
("C:\Program Files (x86)\MiKTeX 2.9\tex\latex\pgf\compatibility\pgfcomp-version
-1-18.sty"
Package: pgfcomp-version-1-18 2007/07/23 v3.0.1a (rcs-revision 1.1)
))
("C:\Program Files (x86)\MiKTeX 2.9\tex\latex\pgf\utilities\pgffor.sty"
("C:\Program Files (x86)\MiKTeX 2.9\tex\latex\pgf\utilities\pgfkeys.sty"
("C:\Program Files (x86)\MiKTeX 2.9\tex\generic\pgf\utilities\pgfkeys.code.tex"
)) ("C:\Program Files (x86)\MiKTeX 2.9\tex\latex\pgf\math\pgfmath.sty"
("C:\Program Files (x86)\MiKTeX 2.9\tex\generic\pgf\math\pgfmath.code.tex"))
("C:\Program Files (x86)\MiKTeX 2.9\tex\generic\pgf\utilities\pgffor.code.tex"
Package: pgffor 2013/12/13 v3.0.1a (rcs-revision 1.25)

("C:\Program Files (x86)\MiKTeX 2.9\tex\generic\pgf\math\pgfmath.code.tex")
\pgffor@iter=\dimen269
\pgffor@skip=\dimen270
\pgffor@stack=\toks35
\pgffor@toks=\toks36
))
("C:\Program Files (x86)\MiKTeX 2.9\tex\generic\pgf\frontendlayer\tikz\tikz.cod
e.tex"
Package: tikz 2015/08/07 v3.0.1a (rcs-revision 1.151)

("C:\Program Files (x86)\MiKTeX 2.9\tex\generic\pgf\libraries\pgflibraryplothan
dlers.code.tex"
File: pgflibraryplothandlers.code.tex 2013/08/31 v3.0.1a (rcs-revision 1.20)
\pgf@plot@mark@count=\count163
\pgfplotmarksize=\dimen271
)
\tikz@lastx=\dimen272
\tikz@lasty=\dimen273
\tikz@lastxsaved=\dimen274
\tikz@lastysaved=\dimen275
\tikzleveldistance=\dimen276
\tikzsiblingdistance=\dimen277
\tikz@figbox=\box52
\tikz@figbox@bg=\box53
\tikz@tempbox=\box54
\tikz@tempbox@bg=\box55
\tikztreelevel=\count164
\tikznumberofchildren=\count165
\tikznumberofcurrentchild=\count166
\tikz@fig@count=\count167

("C:\Program Files (x86)\MiKTeX 2.9\tex\generic\pgf\modules\pgfmodulematrix.cod
e.tex"
File: pgfmodulematrix.code.tex 2013/09/17  (rcs-revision 1.8)
\pgfmatrixcurrentrow=\count168
\pgfmatrixcurrentcolumn=\count169
\pgf@matrix@numberofcolumns=\count170
)
\tikz@expandcount=\count171

("C:\Program Files (x86)\MiKTeX 2.9\tex\generic\pgf\frontendlayer\tikz\librarie
s\tikzlibrarytopaths.code.tex"
File: tikzlibrarytopaths.code.tex 2008/06/17 v3.0.1a (rcs-revision 1.2)
)))
("C:\Users\VIET NGUYEN\AppData\Roaming\MiKTeX\2.9\tex\latex\textpos\textpos.sty
"
Package: textpos 2016/06/07 v1.8

Package: textpos 2016/06/07 1.8, absolute positioning of text on the page
\TP@textbox=\box56
\TP@holdbox=\box57
\TPHorizModule=\dimen278
\TPVertModule=\dimen279
\TP@margin=\dimen280
\TP@absmargin=\dimen281
Grid set 16 x 16 = 38.39343pt x 49.68562pt
\TPboxrulesize=\dimen282
\TP@ox=\dimen283
\TP@oy=\dimen284
\TP@tbargs=\toks37
\TP@prevdepth=\dimen285
TextBlockOrigin set to 0pt x 0pt
) ("C:\Program Files (x86)\MiKTeX 2.9\tex\latex\ms\ragged2e.sty"
Package: ragged2e 2009/05/21 v2.1 ragged2e Package (MS)

("C:\Program Files (x86)\MiKTeX 2.9\tex\latex\ms\everysel.sty"
Package: everysel 2011/10/28 v1.2 EverySelectfont Package (MS)
)
\CenteringLeftskip=\skip49
\RaggedLeftLeftskip=\skip50
\RaggedRightLeftskip=\skip51
\CenteringRightskip=\skip52
\RaggedLeftRightskip=\skip53
\RaggedRightRightskip=\skip54
\CenteringParfillskip=\skip55
\RaggedLeftParfillskip=\skip56
\RaggedRightParfillskip=\skip57
\JustifyingParfillskip=\skip58
\CenteringParindent=\skip59
\RaggedLeftParindent=\skip60
\RaggedRightParindent=\skip61
\JustifyingParindent=\skip62
)
("C:\Program Files (x86)\MiKTeX 2.9\tex\latex\etoolbox\etoolbox.sty"
Package: etoolbox 2015/08/02 v2.2a e-TeX tools for LaTeX (JAW)
\etb@tempcnta=\count172
)
("C:\Users\VIET NGUYEN\AppData\Roaming\MiKTeX\2.9\tex\latex\ifmtarg\ifmtarg.sty
"
Package: ifmtarg 2009/09/02 v1.2a check for an empty argument
) ("C:\Program Files (x86)\MiKTeX 2.9\tex\latex\base\ifthen.sty"
Package: ifthen 2014/09/29 v1.1c Standard LaTeX ifthen package (DPC)
)
("C:\Users\VIET NGUYEN\AppData\Roaming\MiKTeX\2.9\tex\latex\marvosym\marvosym.s
ty"
Package: marvosym 2011/07/20 v2.2 Martin Vogel's Symbols font definitions
)
("C:\Users\VIET NGUYEN\AppData\Roaming\MiKTeX\2.9\tex\latex\parskip\parskip.sty
"
Package: parskip 2001/04/09 non-zero parskip adjustments
)
("C:\Users\VIET NGUYEN\AppData\Roaming\MiKTeX\2.9\tex\latex\academicons\academi
cons.sty"
Package: academicons 2016/06/12 v1.7.2 Academicons Icons
Requested font "Academicons" at 10.0pt
 -> C:/Users/VIET NGUYEN/AppData/Roaming/MiKTeX/2.9/fonts/truetype/academicons/
academicons.ttf
Requested font "Academicons/OT" at 10.0pt
 -> C:/Users/VIET NGUYEN/AppData/Roaming/MiKTeX/2.9/fonts/truetype/academicons/
academicons.ttf
\g__fontspec_family_Academicons_int=\count173
Requested font "Academicons/BI/OT" at 10.0pt
 -> C:/Users/VIET NGUYEN/AppData/Roaming/MiKTeX/2.9/fonts/truetype/academicons/
academicons.ttf
Requested font "Academicons/B/OT" at 10.0pt
 -> C:/Users/VIET NGUYEN/AppData/Roaming/MiKTeX/2.9/fonts/truetype/academicons/
academicons.ttf
Requested font "Academicons/I/OT" at 10.0pt
 -> C:/Users/VIET NGUYEN/AppData/Roaming/MiKTeX/2.9/fonts/truetype/academicons/
academicons.ttf
)
("C:\Users\VIET NGUYEN\AppData\Roaming\MiKTeX\2.9\tex\latex\tcolorbox\tcolorbox
.sty"
Package: tcolorbox 2016/07/14 version 3.94 text color boxes
 ("C:\Program Files (x86)\MiKTeX 2.9\tex\latex\tools\verbatim.sty"
Package: verbatim 2014/10/28 v1.5q LaTeX2e package for verbatim enhancements
\every@verbatim=\toks38
\verbatim@line=\toks39
\verbatim@in@stream=\read3
)
("C:\Users\VIET NGUYEN\AppData\Roaming\MiKTeX\2.9\tex\latex\environ\environ.sty
"
Package: environ 2014/05/04 v0.3 A new way to define environments

("C:\Users\VIET NGUYEN\AppData\Roaming\MiKTeX\2.9\tex\latex\trimspaces\trimspac
es.sty"
Package: trimspaces 2009/09/17 v1.1 Trim spaces around a token list
)
\@envbody=\toks40
)
\tcb@titlebox=\box58
\tcb@upperbox=\box59
\tcb@lowerbox=\box60
\tcb@phantombox=\box61
\c@tcbbreakpart=\count174
\c@tcblayer=\count175
\tcolorbox@number=\count176
\tcb@temp=\box62
\tcb@temp=\box63
\tcb@temp=\box64
\tcb@temp=\box65
\tcb@out=\write4
\tcb@record@out=\write5

("C:\Users\VIET NGUYEN\AppData\Roaming\MiKTeX\2.9\tex\latex\tcolorbox\tcbskins.
code.tex"
Library (tcolorbox): 'tcbskins.code.tex' version '3.94'
\tcb@waterbox=\box66

("C:\Users\VIET NGUYEN\AppData\Roaming\MiKTeX\2.9\tex\latex\tcolorbox\tcbskinsj
igsaw.code.tex"
Library (tcolorbox): 'tcbskinsjigsaw.code.tex' version '3.94'
)))
("C:\Users\VIET NGUYEN\AppData\Roaming\MiKTeX\2.9\tex\latex\dashrule\dashrule.s
ty"
Package: dashrule 2013/03/28 v1.3 Dashed rules
\c@hdr@segments=\count177
) ("C:\Program Files (x86)\MiKTeX 2.9\tex\latex\multirow\multirow.sty"
\bigstrutjot=\dimen286
)
("C:\Program Files (x86)\MiKTeX 2.9\tex\latex\tools\tabularx.sty"
Package: tabularx 2016/02/03 v2.11 `tabularx' package (DPC)

("C:\Program Files (x86)\MiKTeX 2.9\tex\latex\tools\array.sty"
Package: array 2014/10/28 v2.4c Tabular extension package (FMi)
\col@sep=\dimen287
\extrarowheight=\dimen288
\NC@list=\toks41
\extratabsurround=\skip63
\backup@length=\skip64
)
\TX@col@width=\dimen289
\TX@old@table=\dimen290
\TX@old@col=\dimen291
\TX@target=\dimen292
\TX@delta=\dimen293
\TX@cols=\count178
\TX@ftn=\toks42
)
("C:\Users\VIET NGUYEN\AppData\Roaming\MiKTeX\2.9\tex\latex\changepage\changepa
ge.sty"
Package: changepage 2009/10/20 v1.0c check page and change page layout
\c@cp@cntr=\count179
\cp@tempcnt=\count180
)
("C:\Users\VIET NGUYEN\AppData\Roaming\MiKTeX\2.9\tex\latex\enumitem\enumitem.s
ty"
Package: enumitem 2011/09/28 v3.5.2 Customized lists
\labelindent=\skip65
\enit@outerparindent=\dimen294
\enit@toks=\toks43
\enit@inbox=\box67
\enitdp@description=\count181
) ("C:\Program Files (x86)\MiKTeX 2.9\tex\latex\hyperref\hyperref.sty"
Package: hyperref 2016/05/21 v6.83p Hypertext links for LaTeX

("C:\Program Files (x86)\MiKTeX 2.9\tex\generic\oberdiek\hobsub-hyperref.sty"
Package: hobsub-hyperref 2016/05/16 v1.14 Bundle oberdiek, subset hyperref (HO)


("C:\Program Files (x86)\MiKTeX 2.9\tex\generic\oberdiek\hobsub-generic.sty"
Package: hobsub-generic 2016/05/16 v1.14 Bundle oberdiek, subset generic (HO)
Package: hobsub 2016/05/16 v1.14 Construct package bundles (HO)
Package: infwarerr 2016/05/16 v1.4 Providing info/warning/error messages (HO)
Package: ltxcmds 2016/05/16 v1.23 LaTeX kernel commands for general use (HO)
Package hobsub Info: Skipping package `ifluatex' (already loaded).
Package: ifvtex 2016/05/16 v1.6 Detect VTeX and its facilities (HO)
Package ifvtex Info: VTeX not detected.
Package: intcalc 2016/05/16 v1.2 Expandable calculations with integers (HO)
Package: ifpdf 2016/05/14 v3.1 Provides the ifpdf switch
Package: etexcmds 2016/05/16 v1.6 Avoid name clashes with e-TeX commands (HO)
Package etexcmds Info: Could not find \expanded.
(etexcmds)             That can mean that you are not using pdfTeX 1.50 or
(etexcmds)             that some package has redefined \expanded.
(etexcmds)             In the latter case, load this package earlier.
Package: kvsetkeys 2016/05/16 v1.17 Key value parser (HO)
Package: kvdefinekeys 2016/05/16 v1.4 Define keys (HO)
Package: pdftexcmds 2016/05/21 v0.22 Utility functions of pdfTeX for LuaTeX (HO
)
Package pdftexcmds Info: LuaTeX not detected.
Package pdftexcmds Info: pdfTeX >= 1.30 not detected.
Package pdftexcmds Info: \pdf@primitive is available.
Package pdftexcmds Info: \pdf@ifprimitive is available.
Package pdftexcmds Info: \pdfdraftmode not found.
Package: pdfescape 2016/05/16 v1.14 Implements pdfTeX's escape features (HO)
Package: bigintcalc 2016/05/16 v1.4 Expandable calculations on big integers (HO
)
Package: bitset 2016/05/16 v1.2 Handle bit-vector datatype (HO)
Package: uniquecounter 2016/05/16 v1.3 Provide unlimited unique counter (HO)
)
Package hobsub Info: Skipping package `hobsub' (already loaded).
Package: letltxmacro 2016/05/16 v1.5 Let assignment for LaTeX macros (HO)
Package: hopatch 2016/05/16 v1.3 Wrapper for package hooks (HO)
Package: xcolor-patch 2016/05/16 xcolor patch
Package: atveryend 2016/05/16 v1.9 Hooks at the very end of document (HO)
Package: atbegshi 2016/06/09 v1.18 At begin shipout hook (HO)
Package: refcount 2016/05/16 v3.5 Data extraction from label references (HO)
Package: hycolor 2016/05/16 v1.8 Color options for hyperref/bookmark (HO)
)
("C:\Program Files (x86)\MiKTeX 2.9\tex\latex\oberdiek\auxhook.sty"
Package: auxhook 2016/05/16 v1.4 Hooks for auxiliary files (HO)
)
("C:\Program Files (x86)\MiKTeX 2.9\tex\latex\oberdiek\kvoptions.sty"
Package: kvoptions 2016/05/16 v3.12 Key value format for package options (HO)
)
\@linkdim=\dimen295
\Hy@linkcounter=\count182
\Hy@pagecounter=\count183

("C:\Program Files (x86)\MiKTeX 2.9\tex\latex\hyperref\pd1enc.def"
File: pd1enc.def 2016/05/21 v6.83p Hyperref: PDFDocEncoding definition (HO)
)
\Hy@SavedSpaceFactor=\count184

("C:\Program Files (x86)\MiKTeX 2.9\tex\latex\00miktex\hyperref.cfg"
File: hyperref.cfg 2002/06/06 v1.2 hyperref configuration of TeXLive
)
Package hyperref Info: Hyper figures OFF on input line 4486.
Package hyperref Info: Link nesting OFF on input line 4491.
Package hyperref Info: Hyper index ON on input line 4494.
Package hyperref Info: Plain pages OFF on input line 4501.
Package hyperref Info: Backreferencing OFF on input line 4506.
Package hyperref Info: Implicit mode ON; LaTeX internals redefined.
Package hyperref Info: Bookmarks ON on input line 4735.
\c@Hy@tempcnt=\count185

("C:\Users\VIET NGUYEN\AppData\Roaming\MiKTeX\2.9\tex\latex\url\url.sty"
\Urlmuskip=\muskip16
Package: url 2013/09/16  ver 3.4  Verb mode for urls, etc.
)
LaTeX Info: Redefining \url on input line 5088.
\XeTeXLinkMargin=\dimen296
Requested font "pzdr" at 0.00002pt
\Fld@menulength=\count186
\Field@Width=\dimen297
\Fld@charsize=\dimen298
Package hyperref Info: Hyper figures OFF on input line 6342.
Package hyperref Info: Link nesting OFF on input line 6347.
Package hyperref Info: Hyper index ON on input line 6350.
Package hyperref Info: backreferencing OFF on input line 6357.
Package hyperref Info: Link coloring OFF on input line 6362.
Package hyperref Info: Link coloring with OCG OFF on input line 6367.
Package hyperref Info: PDF/A mode OFF on input line 6372.
LaTeX Info: Redefining \ref on input line 6412.
LaTeX Info: Redefining \pageref on input line 6416.
\Hy@abspage=\count187
\c@Item=\count188
\c@Hfootnote=\count189
)

Package hyperref Message: Driver (autodetected): hxetex.

("C:\Program Files (x86)\MiKTeX 2.9\tex\latex\hyperref\hxetex.def"
File: hxetex.def 2016/05/21 v6.83p Hyperref driver for XeTeX

("C:\Program Files (x86)\MiKTeX 2.9\tex\latex\hyperref\puenc.def"
File: puenc.def 2016/05/21 v6.83p Hyperref: PDF Unicode definition (HO)
)
("C:\Program Files (x86)\MiKTeX 2.9\tex\generic\oberdiek\stringenc.sty"
Package: stringenc 2016/05/16 v1.11 Convert strings between diff. encodings (HO
)
)
\pdfm@box=\box68
\c@Hy@AnnotLevel=\count190
\HyField@AnnotCount=\count191
\Fld@listcount=\count192
\c@bookmark@seq@number=\count193

("C:\Program Files (x86)\MiKTeX 2.9\tex\latex\oberdiek\rerunfilecheck.sty"
Package: rerunfilecheck 2016/05/16 v1.8 Rerun checks for auxiliary files (HO)
Package rerunfilecheck Info: Feature \pdfmdfivesum is not available
(rerunfilecheck)             (e.g. pdfTeX or LuaTeX with package `pdftexcmds').

(rerunfilecheck)             Therefore file contents cannot be checked efficien
tly
(rerunfilecheck)             and the loading of the package is aborted.
)
\Hy@SectionHShift=\skip66
)
("C:\Program Files (x86)\MiKTeX 2.9\tex\generic\oberdiek\se-ascii-print.def"
File: se-ascii-print.def 2016/05/16 v1.11 stringenc: Printable ASCII characters

)
Package hyperref Info: Option `colorlinks' set `false' on input line 47.
Requested font "[fonts/segoeuib.ttf]/OT" at 10.0pt
 -> ./fonts/segoeuib.ttf
\g__fontspec_family_segoeuib.ttf_int=\count194
Requested font "[fonts/segoeuib]/OT" at 10.0pt
 -> ./fonts/segoeuib.ttf
\imagewidth=\skip67
\imagescale=\skip68
\slheight=\dimen299

("C:\Users\VIET NGUYEN\AppData\Roaming\MiKTeX\2.9\tex\latex\geometry-de\geometr
y.sty"
Package: geometry 2010/09/12 v5.6 Page Geometry
\Gm@cnth=\count195
\Gm@cntv=\count196
\c@Gm@tempcnt=\count197
\Gm@bindingoffset=\dimen300
\Gm@wd@mp=\dimen301
\Gm@odd@mp=\dimen302
\Gm@even@mp=\dimen303
\Gm@layoutwidth=\dimen304
\Gm@layoutheight=\dimen305
\Gm@layouthoffset=\dimen306
\Gm@layoutvoffset=\dimen307
\Gm@dimlist=\toks44
 ("C:\Program Files (x86)\MiKTeX 2.9\tex\xelatex\xetexconfig\geometry.cfg"))
("C:\Users\VIET NGUYEN\AppData\Roaming\MiKTeX\2.9\tex\latex\smartdiagram\smartd
iagram.sty"
Package: smartdiagram 2013/04/19 v0.3a Automatic creation of smart diagrams fro
m lists of items.
 ("C:\Program Files (x86)\MiKTeX 2.9\tex\latex\xstring\xstring.sty"
("C:\Program Files (x86)\MiKTeX 2.9\tex\generic\xstring\xstring.tex"
\@xs@message=\write6
\integerpart=\count198
\decimalpart=\count199
)
Package: xstring 2013/10/13  v1.7c  String manipulations (C Tellechea)
)
("C:\Program Files (x86)\MiKTeX 2.9\tex\generic\pgf\frontendlayer\tikz\librarie
s\tikzlibrarybackgrounds.code.tex"
File: tikzlibrarybackgrounds.code.tex 2013/07/18 v3.0.1a (rcs-revision 1.3)
\pgf@layerbox@background=\box69
\pgf@layerboxsaved@background=\box70
)
("C:\Program Files (x86)\MiKTeX 2.9\tex\generic\pgf\frontendlayer\tikz\librarie
s\tikzlibrarycalc.code.tex"
File: tikzlibrarycalc.code.tex 2013/07/15 v3.0.1a (rcs-revision 1.9)
)
("C:\Program Files (x86)\MiKTeX 2.9\tex\generic\pgf\frontendlayer\tikz\librarie
s\tikzlibraryfadings.code.tex"
File: tikzlibraryfadings.code.tex 2009/11/15 v3.0.1a (rcs-revision 1.2)

("C:\Program Files (x86)\MiKTeX 2.9\tex\generic\pgf\libraries\pgflibraryfadings
.code.tex"
File: pgflibraryfadings.code.tex 2008/02/07 v3.0.1a (rcs-revision 1.3)
))
("C:\Program Files (x86)\MiKTeX 2.9\tex\generic\pgf\frontendlayer\tikz\librarie
s\tikzlibraryshadows.code.tex"
File: tikzlibraryshadows.code.tex 2008/01/13 v3.0.1a (rcs-revision 1.3)
)
("C:\Program Files (x86)\MiKTeX 2.9\tex\generic\pgf\frontendlayer\tikz\librarie
s\tikzlibraryshapes.arrows.code.tex"
File: tikzlibraryshapes.arrows.code.tex 2008/01/09 v3.0.1a (rcs-revision 1.1)

("C:\Program Files (x86)\MiKTeX 2.9\tex\generic\pgf\libraries\shapes\pgflibrary
shapes.arrows.code.tex"
File: pgflibraryshapes.arrows.code.tex 2008/06/26 v3.0.1a (rcs-revision 1.1)
))
("C:\Program Files (x86)\MiKTeX 2.9\tex\generic\pgf\frontendlayer\tikz\librarie
s\tikzlibraryshapes.symbols.code.tex"
File: tikzlibraryshapes.symbols.code.tex 2008/01/09 v3.0.1a (rcs-revision 1.1)

("C:\Program Files (x86)\MiKTeX 2.9\tex\generic\pgf\libraries\shapes\pgflibrary
shapes.symbols.code.tex"
File: pgflibraryshapes.symbols.code.tex 2013/09/11 v3.0.1a (rcs-revision 1.6)
))
\pgf@layerbox@smart diagram arrow back=\box71
\pgf@layerboxsaved@smart diagram arrow back=\box72

("C:\Users\VIET NGUYEN\AppData\Roaming\MiKTeX\2.9\tex\latex\smartdiagram\smartd
iagramlibrarycore.definitions.code.tex"
.................................................
. LaTeX info: "xparse/define-command"
. 
. Defining command \smartdiagramset with sig. 'm' on line 262.
.................................................
)
("C:\Users\VIET NGUYEN\AppData\Roaming\MiKTeX\2.9\tex\latex\smartdiagram\smartd
iagramlibrarycore.styles.code.tex")
("C:\Users\VIET NGUYEN\AppData\Roaming\MiKTeX\2.9\tex\latex\smartdiagram\smartd
iagramlibrarycore.commands.code.tex"
.................................................
. LaTeX info: "xparse/define-command"
. 
. Defining command \smartdiagram with sig. 'r[] m' on line 244.
.................................................
.................................................
. LaTeX info: "xparse/define-command"
. 
. Defining command \smartdiagramanimated with sig. 'r[] m' on line 487.
.................................................
)))
("C:\Program Files (x86)\MiKTeX 2.9\tex\latex\misc\etex.sty"
Package: etex 2016/01/11 v2.6 eTeX basic definition package (PEB,DPC)


Package etex Warning: Extended allocation already in use.
(etex)                etex.sty code will not be used.
(etex)                To force etex package to load, add
(etex)                \RequirePackage{etex}
(etex)                at the start of the document.

) ("C:\Program Files (x86)\MiKTeX 2.9\tex\latex\tools\multicol.sty"
Package: multicol 2016/04/07 v1.8p multicolumn formatting (FMi)
\c@tracingmulticols=\count266
\mult@box=\box73
\multicol@leftmargin=\dimen308
\c@unbalance=\count267
\c@collectmore=\count268
\doublecol@number=\count269
\multicoltolerance=\count270
\multicolpretolerance=\count271
\full@width=\dimen309
\page@free=\dimen310
\premulticols=\dimen311
\postmulticols=\dimen312
\multicolsep=\skip69
\multicolbaselineskip=\skip70
\partial@page=\box74
\last@line=\box75
\maxbalancingoverflow=\dimen313
\mult@rightbox=\box76
\mult@grightbox=\box77
\mult@gfirstbox=\box78
\mult@firstbox=\box79
\@tempa=\box80
\@tempa=\box81
\@tempa=\box82
\@tempa=\box83
\@tempa=\box84
\@tempa=\box85
\@tempa=\box86
\@tempa=\box87
\@tempa=\box88
\@tempa=\box89
\@tempa=\box90
\@tempa=\box91
\@tempa=\box92
\@tempa=\box93
\@tempa=\box94
\@tempa=\box95
\@tempa=\box96
\c@columnbadness=\count272
\c@finalcolumnbadness=\count273
\last@try=\dimen314
\multicolovershoot=\dimen315
\multicolundershoot=\dimen316
\mult@nat@firstbox=\box97
\colbreak@box=\box98
\mc@col@check@num=\count274
)
(template.aux)
\openout1 = `template.aux'.

LaTeX Font Info:    Checking defaults for OML/cmm/m/it on input line 63.
LaTeX Font Info:    ... okay on input line 63.
LaTeX Font Info:    Checking defaults for T1/cmr/m/n on input line 63.
LaTeX Font Info:    ... okay on input line 63.
LaTeX Font Info:    Checking defaults for OT1/cmr/m/n on input line 63.
LaTeX Font Info:    ... okay on input line 63.
LaTeX Font Info:    Checking defaults for OMS/cmsy/m/n on input line 63.
LaTeX Font Info:    ... okay on input line 63.
LaTeX Font Info:    Checking defaults for OMX/cmex/m/n on input line 63.
LaTeX Font Info:    ... okay on input line 63.
LaTeX Font Info:    Checking defaults for U/cmr/m/n on input line 63.
LaTeX Font Info:    ... okay on input line 63.
LaTeX Font Info:    Checking defaults for EU1/lmr/m/n on input line 63.
LaTeX Font Info:    ... okay on input line 63.
LaTeX Font Info:    Checking defaults for T3/cmr/m/n on input line 63.
LaTeX Font Info:    Try loading font information for T3+cmr on input line 63.

("C:\Users\VIET NGUYEN\AppData\Roaming\MiKTeX\2.9\tex\latex\tipa\t3cmr.fd"
File: t3cmr.fd 2001/12/31 TIPA font definitions
)
LaTeX Font Info:    ... okay on input line 63.
LaTeX Font Info:    Checking defaults for TS1/cmr/m/n on input line 63.
LaTeX Font Info:    Try loading font information for TS1+cmr on input line 63.

("C:\Program Files (x86)\MiKTeX 2.9\tex\latex\base\ts1cmr.fd"
File: ts1cmr.fd 2014/09/29 v2.5h Standard LaTeX font definitions
)
LaTeX Font Info:    ... okay on input line 63.
LaTeX Font Info:    Checking defaults for PD1/pdf/m/n on input line 63.
LaTeX Font Info:    ... okay on input line 63.
LaTeX Font Info:    Checking defaults for PU/pdf/m/n on input line 63.
LaTeX Font Info:    ... okay on input line 63.
LaTeX Font Info:    Font shape `EU1/ClearSans(0)/m/n' will be
(Font)              scaled to size 10.0pt on input line 63.
Requested font "[ClearSans-Regular.ttf]/OT:script=latn;language=DFLT;mapping=te
x-text;mapping=tex-text;" at 10.0pt
 -> C:/Users/VIET NGUYEN/AppData/Roaming/MiKTeX/2.9/fonts/truetype/intel/clears
ans/ClearSans-Regular.ttf
\symlegacymaths=\mathgroup4
LaTeX Font Info:    Overwriting symbol font `legacymaths' in version `bold'
(Font)                  OT1/cmr/m/n --> OT1/cmr/bx/n on input line 63.
LaTeX Font Info:    Redeclaring math accent \acute on input line 63.
LaTeX Font Info:    Redeclaring math accent \grave on input line 63.
LaTeX Font Info:    Redeclaring math accent \ddot on input line 63.
LaTeX Font Info:    Redeclaring math accent \tilde on input line 63.
LaTeX Font Info:    Redeclaring math accent \bar on input line 63.
LaTeX Font Info:    Redeclaring math accent \breve on input line 63.
LaTeX Font Info:    Redeclaring math accent \check on input line 63.
LaTeX Font Info:    Redeclaring math accent \hat on input line 63.
LaTeX Font Info:    Redeclaring math accent \dot on input line 63.
LaTeX Font Info:    Redeclaring math accent \mathring on input line 63.
LaTeX Font Info:    Redeclaring math symbol \colon on input line 63.
LaTeX Font Info:    Redeclaring math symbol \Gamma on input line 63.
LaTeX Font Info:    Redeclaring math symbol \Delta on input line 63.
LaTeX Font Info:    Redeclaring math symbol \Theta on input line 63.
LaTeX Font Info:    Redeclaring math symbol \Lambda on input line 63.
LaTeX Font Info:    Redeclaring math symbol \Xi on input line 63.
LaTeX Font Info:    Redeclaring math symbol \Pi on input line 63.
LaTeX Font Info:    Redeclaring math symbol \Sigma on input line 63.
LaTeX Font Info:    Redeclaring math symbol \Upsilon on input line 63.
LaTeX Font Info:    Redeclaring math symbol \Phi on input line 63.
LaTeX Font Info:    Redeclaring math symbol \Psi on input line 63.
LaTeX Font Info:    Redeclaring math symbol \Omega on input line 63.
LaTeX Font Info:    Redeclaring math symbol \mathdollar on input line 63.
LaTeX Font Info:    Redeclaring symbol font `operators' on input line 63.
LaTeX Font Info:    Encoding `OT1' has changed to `EU1' for symbol font
(Font)              `operators' in the math version `normal' on input line 63.
LaTeX Font Info:    Overwriting symbol font `operators' in version `normal'
(Font)                  OT1/cmr/m/n --> EU1/lmr/m/n on input line 63.
LaTeX Font Info:    Encoding `OT1' has changed to `EU1' for symbol font
(Font)              `operators' in the math version `bold' on input line 63.
LaTeX Font Info:    Overwriting symbol font `operators' in version `bold'
(Font)                  OT1/cmr/bx/n --> EU1/lmr/m/n on input line 63.
LaTeX Font Info:    Overwriting symbol font `operators' in version `normal'
(Font)                  EU1/lmr/m/n --> EU1/lmr/m/n on input line 63.
LaTeX Font Info:    Overwriting math alphabet `\mathit' in version `normal'
(Font)                  OT1/cmr/m/it --> EU1/lmr/m/it on input line 63.
LaTeX Font Info:    Overwriting math alphabet `\mathbf' in version `normal'
(Font)                  OT1/cmr/bx/n --> EU1/lmr/bx/n on input line 63.
LaTeX Font Info:    Overwriting math alphabet `\mathsf' in version `normal'
(Font)                  OT1/cmss/m/n --> EU1/ClearSans(0)/m/n on input line 63.

LaTeX Font Info:    Overwriting math alphabet `\mathtt' in version `normal'
(Font)                  OT1/cmtt/m/n --> EU1/lmtt/m/n on input line 63.
LaTeX Font Info:    Overwriting symbol font `operators' in version `bold'
(Font)                  EU1/lmr/m/n --> EU1/lmr/bx/n on input line 63.
LaTeX Font Info:    Overwriting math alphabet `\mathit' in version `bold'
(Font)                  OT1/cmr/bx/it --> EU1/lmr/bx/it on input line 63.
LaTeX Font Info:    Overwriting math alphabet `\mathsf' in version `bold'
(Font)                  OT1/cmss/bx/n --> EU1/ClearSans(0)/bx/n on input line 6
3.
LaTeX Font Info:    Overwriting math alphabet `\mathtt' in version `bold'
(Font)                  OT1/cmtt/m/n --> EU1/lmtt/bx/n on input line 63.

ABD: EveryShipout initializing macros ABD: EverySelectfont initializing macros
LaTeX Info: Redefining \selectfont on input line 63.
\AtBeginShipoutBox=\box99
Package hyperref Info: Link coloring OFF on input line 63.

("C:\Program Files (x86)\MiKTeX 2.9\tex\latex\hyperref\nameref.sty"
Package: nameref 2016/05/21 v2.44 Cross-referencing by name of section

("C:\Program Files (x86)\MiKTeX 2.9\tex\generic\oberdiek\gettitlestring.sty"
Package: gettitlestring 2016/05/16 v1.5 Cleanup title references (HO)
)
\c@section@level=\count275
)
LaTeX Info: Redefining \ref on input line 63.
LaTeX Info: Redefining \pageref on input line 63.
LaTeX Info: Redefining \nameref on input line 63.

(template.out) (template.out)
\@outlinefile=\write7
\openout7 = `template.out'.


*geometry* detected driver: pdftex
*geometry* verbose mode - [ preamble ] result:
* driver: pdftex
* paper: letterpaper
* layout: <same size as paper>
* layoutoffset:(h,v)=(0.0pt,0.0pt)
* modes: 
* h-part:(L,W,R)=(216.2411pt, 369.60115pt, 28.45274pt)
* v-part:(T,H,B)=(2.84544pt, 789.2791pt, 2.84544pt)
* \paperwidth=614.295pt
* \paperheight=794.96999pt
* \textwidth=369.60115pt
* \textheight=789.2791pt
* \oddsidemargin=143.97112pt
* \evensidemargin=143.97112pt
* \topmargin=-69.42455pt
* \headheight=0.0pt
* \headsep=0.0pt
* \topskip=10.0pt
* \footskip=0.0pt
* \marginparwidth=65.0pt
* \marginparsep=11.0pt
* \columnsep=10.0pt
* \skip\footins=9.0pt plus 4.0pt minus 2.0pt
* \hoffset=0.0pt
* \voffset=0.0pt
* \mag=1000
* \@twocolumnfalse
* \@twosidefalse
* \@mparswitchfalse
* \@reversemarginfalse
* (1in=72.27pt=25.4mm, 1cm=28.453pt)

File: img/profilepic.png Graphic file (type QTm)
<use  "img/profilepic.png" >
LaTeX Font Info:    Font shape `EU1/ClearSans(0)/m/n' will be
(Font)              scaled to size 24.88pt on input line 69.
Requested font "[ClearSans-Regular.ttf]/OT:script=latn;language=DFLT;mapping=te
x-text;mapping=tex-text;" at 24.88pt
 -> C:/Users/VIET NGUYEN/AppData/Roaming/MiKTeX/2.9/fonts/truetype/intel/clears
ans/ClearSans-Regular.ttf
LaTeX Font Info:    Font shape `EU1/ClearSans(0)/m/n' will be
(Font)              scaled to size 14.4pt on input line 69.
Requested font "[ClearSans-Regular.ttf]/OT:script=latn;language=DFLT;mapping=te
x-text;mapping=tex-text;" at 14.4pt
 -> C:/Users/VIET NGUYEN/AppData/Roaming/MiKTeX/2.9/fonts/truetype/intel/clears
ans/ClearSans-Regular.ttf
Requested font "[lmroman7-regular]:mapping=tex-text" at 7.0pt
 -> C:/Program Files (x86)/MiKTeX 2.9/fonts/opentype/public/lm/lmroman7-regular
.otf
Requested font "[lmroman5-regular]:mapping=tex-text" at 5.0pt
 -> C:/Program Files (x86)/MiKTeX 2.9/fonts/opentype/public/lm/lmroman5-regular
.otf
LaTeX Font Info:    External font `cmex10' loaded for size
(Font)              <7> on input line 69.
LaTeX Font Info:    External font `cmex10' loaded for size
(Font)              <5> on input line 69.


LaTeX Font Warning: Command \Huge invalid in math mode on input line 69.

Requested font "FontAwesome/OT:" at 24.88pt
 -> C:/Users/VIET NGUYEN/AppData/Roaming/MiKTeX/2.9/fonts/opentype/public/fonta
wesome/FontAwesome.otf

Overfull \hbox (3.577pt too wide) in paragraph at lines 69--69
[]|$[]$| 
 []


LaTeX Font Warning: Command \huge invalid in math mode on input line 69.

LaTeX Font Info:    Font shape `EU1/ClearSans(0)/m/n' will be
(Font)              scaled to size 20.74pt on input line 69.
Requested font "[ClearSans-Regular.ttf]/OT:script=latn;language=DFLT;mapping=te
x-text;mapping=tex-text;" at 20.74pt
 -> C:/Users/VIET NGUYEN/AppData/Roaming/MiKTeX/2.9/fonts/truetype/intel/clears
ans/ClearSans-Regular.ttf
Requested font "FontAwesome/OT:" at 20.74pt
 -> C:/Users/VIET NGUYEN/AppData/Roaming/MiKTeX/2.9/fonts/opentype/public/fonta
wesome/FontAwesome.otf

Overfull \hbox (7.28822pt too wide) in paragraph at lines 69--69
[]|$[]$| 
 []


LaTeX Font Warning: Command \huge invalid in math mode on input line 69.


Overfull \hbox (9.40045pt too wide) in paragraph at lines 69--69
[]|$[]$| 
 []


LaTeX Font Warning: Command \huge invalid in math mode on input line 69.


Overfull \hbox (7.85727pt too wide) in paragraph at lines 69--69
[]|$[]$| 
 []


LaTeX Font Warning: Command \huge invalid in math mode on input line 69.


Overfull \hbox (7.85727pt too wide) in paragraph at lines 69--69
[]|$[]$| 
 []


Overfull \hbox (14.22643pt too wide) in paragraph at lines 69--69
[][] 
 []

LaTeX Font Info:    Font shape `EU1/ClearSans(0)/m/n' will be
(Font)              scaled to size 12.0pt on input line 69.
Requested font "[ClearSans-Regular.ttf]/OT:script=latn;language=DFLT;mapping=te
x-text;mapping=tex-text;" at 12.0pt
 -> C:/Users/VIET NGUYEN/AppData/Roaming/MiKTeX/2.9/fonts/truetype/intel/clears
ans/ClearSans-Regular.ttf
LaTeX Font Info:    Font shape `EU1/ClearSans(0)/bx/n' will be
(Font)              scaled to size 12.0pt on input line 69.
Requested font "[ClearSans-Bold.ttf]/OT:script=latn;language=DFLT;mapping=tex-t
ext;mapping=tex-text;" at 12.0pt
 -> C:/Users/VIET NGUYEN/AppData/Roaming/MiKTeX/2.9/fonts/truetype/intel/clears
ans/ClearSans-Bold.ttf
LaTeX Font Info:    Font shape `EU1/ClearSans(0)/m/n' will be
(Font)              scaled to size 8.0pt on input line 69.
Requested font "[ClearSans-Regular.ttf]/OT:script=latn;language=DFLT;mapping=te
x-text;mapping=tex-text;" at 8.0pt
 -> C:/Users/VIET NGUYEN/AppData/Roaming/MiKTeX/2.9/fonts/truetype/intel/clears
ans/ClearSans-Regular.ttf
LaTeX Font Info:    Font shape `EU1/ClearSans(0)/bx/n' will be
(Font)              scaled to size 8.0pt on input line 69.
Requested font "[ClearSans-Bold.ttf]/OT:script=latn;language=DFLT;mapping=tex-t
ext;mapping=tex-text;" at 8.0pt
 -> C:/Users/VIET NGUYEN/AppData/Roaming/MiKTeX/2.9/fonts/truetype/intel/clears
ans/ClearSans-Bold.ttf
LaTeX Font Info:    Font shape `EU1/ClearSans(0)/m/n' will be
(Font)              scaled to size 17.28pt on input line 71.
Requested font "[ClearSans-Regular.ttf]/OT:script=latn;language=DFLT;mapping=te
x-text;mapping=tex-text;" at 17.28pt
 -> C:/Users/VIET NGUYEN/AppData/Roaming/MiKTeX/2.9/fonts/truetype/intel/clears
ans/ClearSans-Regular.ttf
Requested font "[fonts/segoeuib]/OT:script=latn;language=DFLT;" at 17.28pt
 -> ./fonts/segoeuib.ttf
LaTeX Font Info:    Font shape `EU1/ClearSans(0)/bx/n' will be
(Font)              scaled to size 10.0pt on input line 88.
Requested font "[ClearSans-Bold.ttf]/OT:script=latn;language=DFLT;mapping=tex-t
ext;mapping=tex-text;" at 10.0pt
 -> C:/Users/VIET NGUYEN/AppData/Roaming/MiKTeX/2.9/fonts/truetype/intel/clears
ans/ClearSans-Bold.ttf
LaTeX Font Info:    Font shape `EU1/ClearSans(0)/m/it' will be
(Font)              scaled to size 10.0pt on input line 91.
Requested font "[ClearSans-Italic.ttf]/OT:script=latn;language=DFLT;mapping=tex
-text;mapping=tex-text;" at 10.0pt
 -> C:/Users/VIET NGUYEN/AppData/Roaming/MiKTeX/2.9/fonts/truetype/intel/clears
ans/ClearSans-Italic.ttf
LaTeX Font Info:    Font shape `EU1/ClearSans(0)/m/it' will be
(Font)              scaled to size 9.0pt on input line 91.
Requested font "[ClearSans-Italic.ttf]/OT:script=latn;language=DFLT;mapping=tex
-text;mapping=tex-text;" at 9.0pt
 -> C:/Users/VIET NGUYEN/AppData/Roaming/MiKTeX/2.9/fonts/truetype/intel/clears
ans/ClearSans-Italic.ttf

Underfull \hbox (badness 10000) in paragraph at lines 146--148

 []


Underfull \hbox (badness 10000) in paragraph at lines 149--167

 []

[1

]
! Missing number, treated as zero.
<to be read again> 
                   {
l.172 \makenewprofile
                     
A number should have been here; I inserted `0'.
(If you can't figure out why I needed to see a number,
look up `weird error' in the index to The TeXbook.)

! Illegal unit of measure (pt inserted).
<to be read again> 
                   {
l.172 \makenewprofile
                     
Dimensions can be in units of em, ex, in, pt, pc,
cm, mm, dd, cc, bp, or sp; but yours is a new one!
I'll assume that you meant to say pt, for printer's points.
To recover gracefully from this error, it's best to
delete the erroneous units; e.g., type `2' to delete
two letters. (See Chapter 27 of The TeXbook.)


Overfull \hbox (3.7898pt too wide) in paragraph at lines 172--172
\EU1/ClearSans(0)/m/n/10 difficulty, it means that youre not grow-
 []

! Missing number, treated as zero.
<to be read again> 
                   {
l.172 \makenewprofile
                     
A number should have been here; I inserted `0'.
(If you can't figure out why I needed to see a number,
look up `weird error' in the index to The TeXbook.)

! Illegal unit of measure (pt inserted).
<to be read again> 
                   {
l.172 \makenewprofile
                     
Dimensions can be in units of em, ex, in, pt, pc,
cm, mm, dd, cc, bp, or sp; but yours is a new one!
I'll assume that you meant to say pt, for printer's points.
To recover gracefully from this error, it's best to
delete the erroneous units; e.g., type `2' to delete
two letters. (See Chapter 27 of The TeXbook.)

Requested font "FontAwesome/OT:" at 14.4pt
 -> C:/Users/VIET NGUYEN/AppData/Roaming/MiKTeX/2.9/fonts/opentype/public/fonta
wesome/FontAwesome.otf
! Missing number, treated as zero.
<to be read again> 
                   {
l.172 \makenewprofile
                     
A number should have been here; I inserted `0'.
(If you can't figure out why I needed to see a number,
look up `weird error' in the index to The TeXbook.)

! Illegal unit of measure (pt inserted).
<to be read again> 
                   {
l.172 \makenewprofile
                     
Dimensions can be in units of em, ex, in, pt, pc,
cm, mm, dd, cc, bp, or sp; but yours is a new one!
I'll assume that you meant to say pt, for printer's points.
To recover gracefully from this error, it's best to
delete the erroneous units; e.g., type `2' to delete
two letters. (See Chapter 27 of The TeXbook.)


! Package pgf Error: No shape named char is known.

See the pgf package documentation for explanation.
Type  H <return>  for immediate help.
 ...                                              
                                                  
l.172 \makenewprofile
                     
This error message was generated by an \errmessage
command, so I can't give any explicit help.
Pretend that you're Hercule Poirot: Examine all clues,
and deduce the truth by order and method.


! Package pgf Error: No shape named char is known.

See the pgf package documentation for explanation.
Type  H <return>  for immediate help.
 ...                                              
                                                  
l.172 \makenewprofile
                     
(That was another \errmessage.)

! Missing number, treated as zero.
<to be read again> 
                   {
l.172 \makenewprofile
                     
A number should have been here; I inserted `0'.
(If you can't figure out why I needed to see a number,
look up `weird error' in the index to The TeXbook.)

! Illegal unit of measure (pt inserted).
<to be read again> 
                   {
l.172 \makenewprofile
                     
Dimensions can be in units of em, ex, in, pt, pc,
cm, mm, dd, cc, bp, or sp; but yours is a new one!
I'll assume that you meant to say pt, for printer's points.
To recover gracefully from this error, it's best to
delete the erroneous units; e.g., type `2' to delete
two letters. (See Chapter 27 of The TeXbook.)


! Package pgf Error: No shape named char is known.

See the pgf package documentation for explanation.
Type  H <return>  for immediate help.
 ...                                              
                                                  
l.172 \makenewprofile
                     
(That was another \errmessage.)


! Package pgf Error: No shape named char is known.

See the pgf package documentation for explanation.
Type  H <return>  for immediate help.
 ...                                              
                                                  
l.172 \makenewprofile
                     
(That was another \errmessage.)

! Missing number, treated as zero.
<to be read again> 
                   {
l.172 \makenewprofile
                     
A number should have been here; I inserted `0'.
(If you can't figure out why I needed to see a number,
look up `weird error' in the index to The TeXbook.)

! Illegal unit of measure (pt inserted).
<to be read again> 
                   {
l.172 \makenewprofile
                     
Dimensions can be in units of em, ex, in, pt, pc,
cm, mm, dd, cc, bp, or sp; but yours is a new one!
I'll assume that you meant to say pt, for printer's points.
To recover gracefully from this error, it's best to
delete the erroneous units; e.g., type `2' to delete
two letters. (See Chapter 27 of The TeXbook.)


! Package pgf Error: No shape named char is known.

See the pgf package documentation for explanation.
Type  H <return>  for immediate help.
 ...                                              
                                                  
l.172 \makenewprofile
                     
(That was another \errmessage.)

! Missing number, treated as zero.
<to be read again> 
                   {
l.172 \makenewprofile
                     
A number should have been here; I inserted `0'.
(If you can't figure out why I needed to see a number,
look up `weird error' in the index to The TeXbook.)

! Illegal unit of measure (pt inserted).
<to be read again> 
                   {
l.172 \makenewprofile
                     
Dimensions can be in units of em, ex, in, pt, pc,
cm, mm, dd, cc, bp, or sp; but yours is a new one!
I'll assume that you meant to say pt, for printer's points.
To recover gracefully from this error, it's best to
delete the erroneous units; e.g., type `2' to delete
two letters. (See Chapter 27 of The TeXbook.)


! Package pgf Error: No shape named char is known.

See the pgf package documentation for explanation.
Type  H <return>  for immediate help.
 ...                                              
                                                  
l.172 \makenewprofile
                     
(That was another \errmessage.)


! Package pgf Error: No shape named char is known.

See the pgf package documentation for explanation.
Type  H <return>  for immediate help.
 ...                                              
                                                  
l.172 \makenewprofile
                     
(That was another \errmessage.)

! Missing number, treated as zero.
<to be read again> 
                   {
l.172 \makenewprofile
                     
A number should have been here; I inserted `0'.
(If you can't figure out why I needed to see a number,
look up `weird error' in the index to The TeXbook.)

! Illegal unit of measure (pt inserted).
<to be read again> 
                   {
l.172 \makenewprofile
                     
Dimensions can be in units of em, ex, in, pt, pc,
cm, mm, dd, cc, bp, or sp; but yours is a new one!
I'll assume that you meant to say pt, for printer's points.
To recover gracefully from this error, it's best to
delete the erroneous units; e.g., type `2' to delete
two letters. (See Chapter 27 of The TeXbook.)

Requested font "FontAwesome/OT:" at 10.0pt
 -> C:/Users/VIET NGUYEN/AppData/Roaming/MiKTeX/2.9/fonts/opentype/public/fonta
wesome/FontAwesome.otf

Underfull \hbox (badness 10000) in paragraph at lines 194--195

 []


LaTeX Warning: Command \textbullet invalid in math mode on input line 233.


LaTeX Warning: Command \textbullet invalid in math mode on input line 233.


LaTeX Warning: Command \textbullet invalid in math mode on input line 233.


LaTeX Warning: Command \textbullet invalid in math mode on input line 233.


LaTeX Warning: Command \textbullet invalid in math mode on input line 233.


LaTeX Warning: Command \textbullet invalid in math mode on input line 233.


LaTeX Warning: Command \textbullet invalid in math mode on input line 233.


LaTeX Warning: Command \textbullet invalid in math mode on input line 233.


LaTeX Warning: Command \textbullet invalid in math mode on input line 233.


LaTeX Warning: Command \textbullet invalid in math mode on input line 233.


Overfull \hbox (13.82315pt too wide) in paragraph at lines 233--234
[][] 
 []


LaTeX Warning: Command \textbullet invalid in math mode on input line 237.


LaTeX Warning: Command \textbullet invalid in math mode on input line 237.


LaTeX Warning: Command \textbullet invalid in math mode on input line 237.


LaTeX Warning: Command \textbullet invalid in math mode on input line 237.

Requested font "[lmroman12-regular]:mapping=tex-text" at 12.0pt
 -> C:/Program Files (x86)/MiKTeX 2.9/fonts/opentype/public/lm/lmroman12-regula
r.otf
Requested font "[lmroman8-regular]:mapping=tex-text" at 8.0pt
 -> C:/Program Files (x86)/MiKTeX 2.9/fonts/opentype/public/lm/lmroman8-regular
.otf
Requested font "[lmroman6-regular]:mapping=tex-text" at 6.0pt
 -> C:/Program Files (x86)/MiKTeX 2.9/fonts/opentype/public/lm/lmroman6-regular
.otf
Requested font "cmmi12" at 12.0pt
Requested font "cmmi8" at 8.0pt
Requested font "cmmi6" at 6.0pt
Requested font "cmsy10" at 12.0pt
Requested font "cmsy8" at 8.0pt
Requested font "cmsy6" at 6.0pt
LaTeX Font Info:    External font `cmex10' loaded for size
(Font)              <12> on input line 237.
LaTeX Font Info:    External font `cmex10' loaded for size
(Font)              <8> on input line 237.
LaTeX Font Info:    External font `cmex10' loaded for size
(Font)              <6> on input line 237.
Requested font "cmr12" at 12.0pt
Requested font "cmr8" at 8.0pt
Requested font "cmr6" at 6.0pt

LaTeX Warning: Command \textbullet invalid in math mode on input line 237.


LaTeX Warning: Command \textbullet invalid in math mode on input line 237.


LaTeX Warning: Command \textbullet invalid in math mode on input line 237.


LaTeX Warning: Command \textbullet invalid in math mode on input line 237.


LaTeX Warning: Command \textbullet invalid in math mode on input line 237.


LaTeX Warning: Command \textbullet invalid in math mode on input line 237.


LaTeX Warning: Command \textbullet invalid in math mode on input line 237.


Underfull \hbox (badness 10000) in paragraph at lines 248--258

 []

[2]
Package atveryend Info: Empty hook `BeforeClearDocument' on input line 259.
Package atveryend Info: Empty hook `AfterLastShipout' on input line 259.
 (template.aux)
Package atveryend Info: Empty hook `AtVeryEndDocument' on input line 259.
Package atveryend Info: Empty hook `AtEndAfterFileList' on input line 259.
 ) 
Here is how much of TeX's memory you used:
 39722 strings out of 428409
 759547 string characters out of 3159522
 868733 words of memory out of 3000000
 42624 multiletter control sequences out of 15000+200000
 7040 words of font info for 62 fonts, out of 3000000 for 9000
 1328 hyphenation exceptions out of 8191
 61i,17n,87p,10405b,764s stack positions out of 5000i,500n,10000p,200000b,50000s

Output written on template.pdf (2 pages).
